0 info it worked if it ends with ok
1 verbose cli [ '/usr/bin/nodejs', '/usr/bin/npm', 'install', 'satellizer' ]
2 info using npm@3.5.2
3 info using node@v4.2.6
4 silly loadCurrentTree Starting
5 silly install loadCurrentTree
6 silly install readLocalPackageData
7 silly fetchPackageMetaData satellizer
8 silly fetchNamedPackageData satellizer
9 silly mapToRegistry name satellizer
10 silly mapToRegistry using default registry
11 silly mapToRegistry registry https://registry.npmjs.org/
12 silly mapToRegistry uri https://registry.npmjs.org/satellizer
13 verbose request uri https://registry.npmjs.org/satellizer
14 verbose request no auth needed
15 info attempt registry request try #1 at 6:24:58 PM
16 verbose request id d45d699dd5f0cb0d
17 verbose etag "2R69TB4SI35899HIZEPMUR7OP"
18 http request GET https://registry.npmjs.org/satellizer
19 http 304 https://registry.npmjs.org/satellizer
20 verbose headers { date: 'Tue, 01 Nov 2016 00:24:58 GMT',
20 verbose headers   via: '1.1 varnish',
20 verbose headers   'cache-control': 'max-age=300',
20 verbose headers   etag: '"2R69TB4SI35899HIZEPMUR7OP"',
20 verbose headers   age: '45',
20 verbose headers   connection: 'keep-alive',
20 verbose headers   'x-served-by': 'cache-dfw1843-DFW',
20 verbose headers   'x-cache': 'HIT',
20 verbose headers   'x-cache-hits': '1',
20 verbose headers   'x-timer': 'S1477959898.927491,VS0,VE0',
20 verbose headers   vary: 'Accept-Encoding' }
21 silly get cb [ 304,
21 silly get   { date: 'Tue, 01 Nov 2016 00:24:58 GMT',
21 silly get     via: '1.1 varnish',
21 silly get     'cache-control': 'max-age=300',
21 silly get     etag: '"2R69TB4SI35899HIZEPMUR7OP"',
21 silly get     age: '45',
21 silly get     connection: 'keep-alive',
21 silly get     'x-served-by': 'cache-dfw1843-DFW',
21 silly get     'x-cache': 'HIT',
21 silly get     'x-cache-hits': '1',
21 silly get     'x-timer': 'S1477959898.927491,VS0,VE0',
21 silly get     vary: 'Accept-Encoding' } ]
22 verbose etag https://registry.npmjs.org/satellizer from cache
23 verbose get saving satellizer to /home/esgo/.npm/registry.npmjs.org/satellizer/.cache.json
24 silly install normalizeTree
25 silly loadCurrentTree Finishing
26 silly loadIdealTree Starting
27 silly install loadIdealTree
28 silly cloneCurrentTree Starting
29 silly install cloneCurrentTreeToIdealTree
30 silly cloneCurrentTree Finishing
31 silly loadShrinkwrap Starting
32 silly install loadShrinkwrap
33 silly loadShrinkwrap Finishing
34 silly loadAllDepsIntoIdealTree Starting
35 silly install loadAllDepsIntoIdealTree
36 silly resolveWithNewModule satellizer@0.15.5 checking installable status
37 silly cache add args [ 'satellizer', null ]
38 verbose cache add spec satellizer
39 silly cache add parsed spec Result {
39 silly cache add   raw: 'satellizer',
39 silly cache add   scope: null,
39 silly cache add   name: 'satellizer',
39 silly cache add   rawSpec: '',
39 silly cache add   spec: 'latest',
39 silly cache add   type: 'tag' }
40 silly addNamed satellizer@latest
41 verbose addNamed "latest" is being treated as a dist-tag for satellizer
42 info addNameTag [ 'satellizer', 'latest' ]
43 silly mapToRegistry name satellizer
44 silly mapToRegistry using default registry
45 silly mapToRegistry registry https://registry.npmjs.org/
46 silly mapToRegistry uri https://registry.npmjs.org/satellizer
47 verbose addNameTag registry:https://registry.npmjs.org/satellizer not in flight; fetching
48 verbose get https://registry.npmjs.org/satellizer not expired, no request
49 silly addNameTag next cb for satellizer with tag latest
50 silly addNamed satellizer@0.15.5
51 verbose addNamed "0.15.5" is a plain semver version for satellizer
52 silly cache afterAdd satellizer@0.15.5
53 verbose afterAdd /home/esgo/.npm/satellizer/0.15.5/package/package.json not in flight; writing
54 verbose afterAdd /home/esgo/.npm/satellizer/0.15.5/package/package.json written
55 silly loadAllDepsIntoIdealTree Finishing
56 silly idealTree:prePrune public
56 silly idealTree:prePrune ├── angular-animate@1.5.8
56 silly idealTree:prePrune ├── angular-aria@1.5.8
56 silly idealTree:prePrune ├── angular-bootstrap-calendar@0.24.0
56 silly idealTree:prePrune ├── angular-material@1.1.1
56 silly idealTree:prePrune ├── angular-messages@1.5.8
56 silly idealTree:prePrune ├── angular-scrollable-table
56 silly idealTree:prePrune ├── angular-touch@1.5.8
56 silly idealTree:prePrune ├── angular-ui-bootstrap@2.2.0
56 silly idealTree:prePrune ├── angular-ui-calendar
56 silly idealTree:prePrune ├── angular-ui-router@0.3.1
56 silly idealTree:prePrune ├── angular@1.5.8
56 silly idealTree:prePrune ├── bootstrap@3.3.7
56 silly idealTree:prePrune ├── bower_components
56 silly idealTree:prePrune ├── fullcalendar@3.0.1
56 silly idealTree:prePrune ├── interact.js@1.2.6
56 silly idealTree:prePrune ├── jquery@3.1.1
56 silly idealTree:prePrune ├── moment@2.15.1
56 silly idealTree:prePrune ├── npm-debug.log
56 silly idealTree:prePrune ├── satellizer@0.15.5
56 silly idealTree:prePrune ├── systemjs@0.19.39
56 silly idealTree:prePrune └── when@3.7.7
57 silly loadIdealTree Finishing
58 silly currentTree public
58 silly currentTree ├── angular-animate@1.5.8
58 silly currentTree ├── angular-aria@1.5.8
58 silly currentTree ├── angular-bootstrap-calendar@0.24.0
58 silly currentTree ├── angular-material@1.1.1
58 silly currentTree ├── angular-messages@1.5.8
58 silly currentTree ├── angular-scrollable-table
58 silly currentTree ├── angular-touch@1.5.8
58 silly currentTree ├── angular-ui-bootstrap@2.2.0
58 silly currentTree ├── angular-ui-calendar
58 silly currentTree ├── angular-ui-router@0.3.1
58 silly currentTree ├── angular@1.5.8
58 silly currentTree ├── bootstrap@3.3.7
58 silly currentTree ├── bower_components
58 silly currentTree ├── fullcalendar@3.0.1
58 silly currentTree ├── interact.js@1.2.6
58 silly currentTree ├── jquery@3.1.1
58 silly currentTree ├── moment@2.15.1
58 silly currentTree ├── npm-debug.log
58 silly currentTree ├── systemjs@0.19.39
58 silly currentTree └── when@3.7.7
59 silly idealTree public
59 silly idealTree ├── angular-animate@1.5.8
59 silly idealTree ├── angular-aria@1.5.8
59 silly idealTree ├── angular-bootstrap-calendar@0.24.0
59 silly idealTree ├── angular-material@1.1.1
59 silly idealTree ├── angular-messages@1.5.8
59 silly idealTree ├── angular-scrollable-table
59 silly idealTree ├── angular-touch@1.5.8
59 silly idealTree ├── angular-ui-bootstrap@2.2.0
59 silly idealTree ├── angular-ui-calendar
59 silly idealTree ├── angular-ui-router@0.3.1
59 silly idealTree ├── angular@1.5.8
59 silly idealTree ├── bootstrap@3.3.7
59 silly idealTree ├── bower_components
59 silly idealTree ├── fullcalendar@3.0.1
59 silly idealTree ├── interact.js@1.2.6
59 silly idealTree ├── jquery@3.1.1
59 silly idealTree ├── moment@2.15.1
59 silly idealTree ├── npm-debug.log
59 silly idealTree ├── satellizer@0.15.5
59 silly idealTree ├── systemjs@0.19.39
59 silly idealTree └── when@3.7.7
60 silly generateActionsToTake Starting
61 silly install generateActionsToTake
62 silly rollbackFailedOptional Starting
63 silly rollbackFailedOptional Finishing
64 silly runTopLevelLifecycles Starting
65 silly runTopLevelLifecycles Finishing
66 silly install printInstalled
67 warn enoent ENOENT: no such file or directory, open '/var/www/html/submit/olvido/public/package.json'
68 warn enoent ENOENT: no such file or directory, open '/var/www/html/submit/olvido/public/node_modules/angular-ui-calendar/package.json'
69 warn enoent ENOENT: no such file or directory, open '/var/www/html/submit/olvido/public/node_modules/bower_components/package.json'
70 verbose stack Error: Appears to be a git repo or submodule.
70 verbose stack     at /usr/share/npm/node_modules/npm-install-checks/index.js:138:15
70 verbose stack     at FSReqWrap.oncomplete (fs.js:82:15)
71 verbose cwd /var/www/html/submit/olvido/public
72 error Linux 4.4.0-45-generic
73 error argv "/usr/bin/nodejs" "/usr/bin/npm" "install" "satellizer"
74 error node v4.2.6
75 error npm  v3.5.2
76 error path /var/www/html/submit/olvido/public/node_modules/angular-scrollable-table
77 error code EISGIT
78 error git Appears to be a git repo or submodule.
79 error git /var/www/html/submit/olvido/public/node_modules/angular-scrollable-table
80 error git Refusing to remove it. Update manually,
80 error git or move it out of the way first.
81 verbose exit [ 1, true ]
